2024-05-04 13:10:43: == Sinc. comenzada por User Command
2024-05-04 13:10:43: ConnectCloned connected to file:///D:/DEV/real-maravilloso-ssr/dist/real-maravilloso/browser
2024-05-04 13:10:43: ConnectCloned connected to file:///D:/DEV/real-maravilloso-ssr/dist/real-maravilloso/browser
2024-05-04 13:10:43: ConnectCloned connected to file:///D:/DEV/real-maravilloso-ssr/dist/real-maravilloso/browser
2024-05-04 13:10:43: ConnectCloned connected to file:///C:/laragon/www/browser-prod-ssr
2024-05-04 13:10:43: ConnectCloned connected to file:///C:/laragon/www/browser-prod-ssr
2024-05-04 13:10:43: ConnectCloned connected to file:///C:/laragon/www/browser-prod-ssr
2024-05-04 13:10:43: Borrar Archivo C:/laragon/www/browser-prod-ssr/.git/config
2024-05-04 13:10:43: Borrar Archivo C:/laragon/www/browser-prod-ssr/.git/HEAD
2024-05-04 13:10:43: Borrar Archivo C:/laragon/www/browser-prod-ssr/.git/description
2024-05-04 13:10:43: Borrar Archivo C:/laragon/www/browser-prod-ssr/.git/hooks/commit-msg.sample
2024-05-04 13:10:43: Borrar Archivo C:/laragon/www/browser-prod-ssr/.git/hooks/applypatch-msg.sample
2024-05-04 13:10:43: Borrar Archivo C:/laragon/www/browser-prod-ssr/.git/hooks/fsmonitor-watchman.sample
2024-05-04 13:10:43: Borrar Archivo C:/laragon/www/browser-prod-ssr/.git/hooks/pre-applypatch.sample
2024-05-04 13:10:43: Borrar Archivo C:/laragon/www/browser-prod-ssr/.git/hooks/post-update.sample
2024-05-04 13:10:43: Borrar Archivo C:/laragon/www/browser-prod-ssr/.git/hooks/pre-commit.sample
2024-05-04 13:10:43: Borrar Archivo C:/laragon/www/browser-prod-ssr/.git/hooks/pre-push.sample
2024-05-04 13:10:43: Borrar Archivo C:/laragon/www/browser-prod-ssr/.git/hooks/pre-merge-commit.sample
2024-05-04 13:10:43: Borrar Archivo C:/laragon/www/browser-prod-ssr/.git/hooks/pre-rebase.sample
2024-05-04 13:10:43: Borrar Archivo C:/laragon/www/browser-prod-ssr/.git/hooks/pre-receive.sample
2024-05-04 13:10:43: Borrar Archivo C:/laragon/www/browser-prod-ssr/.git/hooks/prepare-commit-msg.sample
2024-05-04 13:10:43: Borrar Archivo C:/laragon/www/browser-prod-ssr/.git/hooks/push-to-checkout.sample
2024-05-04 13:10:43: Borrar Archivo C:/laragon/www/browser-prod-ssr/.git/hooks/sendemail-validate.sample
2024-05-04 13:10:43: Borrar Carpeta C:/laragon/www/browser-prod-ssr/.git/objects/info
2024-05-04 13:10:43: Borrar Archivo C:/laragon/www/browser-prod-ssr/.git/info/exclude
2024-05-04 13:10:43: Borrar Carpeta C:/laragon/www/browser-prod-ssr/.git/objects/pack
2024-05-04 13:10:43: Borrar Carpeta C:/laragon/www/browser-prod-ssr/.git/refs/heads
2024-05-04 13:10:43: Borrar Carpeta C:/laragon/www/browser-prod-ssr/.git/refs/tags
2024-05-04 13:10:43: Copiar Sobre 'D:/DEV/real-maravilloso-ssr/dist/real-maravilloso/browser/albums/index.html' -> 'C:/laragon/www/browser-prod-ssr/albums/index.html' (21,685)
2024-05-04 13:10:43: Copiar Sobre 'D:/DEV/real-maravilloso-ssr/dist/real-maravilloso/browser/gallery/index.html' -> 'C:/laragon/www/browser-prod-ssr/gallery/index.html' (29,788)
2024-05-04 13:10:43: Copiar Sobre 'D:/DEV/real-maravilloso-ssr/dist/real-maravilloso/browser/contact/index.html' -> 'C:/laragon/www/browser-prod-ssr/contact/index.html' (21,979)
2024-05-04 13:10:43: Borrar Archivo C:/laragon/www/browser-prod-ssr/.git/hooks/update.sample
2024-05-04 13:10:43: Borrar Carpeta C:/laragon/www/browser-prod-ssr/.git/info
2024-05-04 13:10:43: Borrar Carpeta C:/laragon/www/browser-prod-ssr/.git/objects
2024-05-04 13:10:43: Close Modified Folder (mod-time, acl): /albums
2024-05-04 13:10:43: Borrar Carpeta C:/laragon/www/browser-prod-ssr/.git/refs
2024-05-04 13:10:43: Close Modified Folder (mod-time, acl): /gallery
2024-05-04 13:10:43: Close Modified Folder (mod-time, acl): /contact
2024-05-04 13:10:43: Copiar Sobre 'D:/DEV/real-maravilloso-ssr/dist/real-maravilloso/browser/home/index.html' -> 'C:/laragon/www/browser-prod-ssr/home/index.html' (30,544)
2024-05-04 13:10:43: Close Modified Folder (mod-time, acl): /home
2024-05-04 13:10:43: Copiar Sobre 'D:/DEV/real-maravilloso-ssr/dist/real-maravilloso/browser/videos/index.html' -> 'C:/laragon/www/browser-prod-ssr/videos/index.html' (35,158)
2024-05-04 13:10:43: Borrar Carpeta C:/laragon/www/browser-prod-ssr/.git/hooks
2024-05-04 13:10:43: Close Modified Folder (mod-time, acl): /videos
2024-05-04 13:10:43: Borrar Carpeta C:/laragon/www/browser-prod-ssr/.git
2024-05-04 13:10:43: Guardar archivo de estado D:/DEV/real-maravilloso-ssr/dist/real-maravilloso/browser/_gsdata_/_file_state_v4._gs
2024-05-04 13:10:43: Guardar archivo de estado C:/laragon/www/browser-prod-ssr/_gsdata_/_file_state_v4._gs
2024-05-04 13:10:43: == Sinc. Completa. Tiempo: 00:00:00, Velocidad: 0.00/s, OK: 243, Errores: 0
